Arguments: 
  /Users/twilson63/.nvm/versions/node/v14.7.0/bin/node /Users/twilson63/.nvm/versions/node/v14.7.0/bin/yarn add -D @types/ramada

PATH: 
  /Users/twilson63/.deno/bin:/usr/local/opt/mysql-client@5.7/bin:/usr/local/opt/mysql@5.7/bin:/usr/local/opt/mysql@5.7/bin:/Users/twilson63/Downloads/google-cloud-sdk/bin:/usr/local/opt/mysql-client/bin:/Users/twilson63/.yarn/bin:/Users/twilson63/.config/yarn/global/node_modules/.bin:/Applications/MacVim.app/Contents/bin:/Users/twilson63/.nvm/versions/node/v14.7.0/bin:/usr/local/bin:/usr/bin:/bin:/usr/sbin:/sbin:/usr/local/share/dotnet:~/.dotnet/tools

Yarn version: 
  1.22.10

Node version: 
  14.7.0

Platform: 
  darwin x64

Trace: 
  Error: https://registry.yarnpkg.com/@types%2framada: Not found
      at Request.params.callback [as _callback] (/Users/twilson63/.nvm/versions/node/v14.7.0/lib/node_modules/yarn/lib/cli.js:66988:18)
      at Request.self.callback (/Users/twilson63/.nvm/versions/node/v14.7.0/lib/node_modules/yarn/lib/cli.js:140662:22)
      at Request.emit (events.js:314:20)
      at Request.<anonymous> (/Users/twilson63/.nvm/versions/node/v14.7.0/lib/node_modules/yarn/lib/cli.js:141634:10)
      at Request.emit (events.js:314:20)
      at IncomingMessage.<anonymous> (/Users/twilson63/.nvm/versions/node/v14.7.0/lib/node_modules/yarn/lib/cli.js:141556:12)
      at Object.onceWrapper (events.js:420:28)
      at IncomingMessage.emit (events.js:326:22)
      at endReadableNT (_stream_readable.js:1244:12)
      at processTicksAndRejections (internal/process/task_queues.js:80:21)

npm manifest: 
  {
    "name": "@hyper63/adapter-beequeue",
    "version": "0.0.1",
    "main": "lib/index.js",
    "typings": "lib/index",
    "license": "MIT",
    "dependencies": {
      "@hyper63/port-queue": "^0.0.2",
      "ramda": "^0.27.1",
      "typescript": "^4.2.3",
      "zod": "^3.0.0-alpha.30"
    },
    "scripts": {
      "build": "tsc",
      "test": "tsc && tape lib/*_test.js"
    }
  }

yarn manifest: 
  No manifest

Lockfile: 
  # THIS IS AN AUTOGENERATED FILE. DO NOT EDIT THIS FILE DIRECTLY.
  # yarn lockfile v1
  
  
  "@hyper63/port-queue@^0.0.2":
    version "0.0.2"
    resolved "https://registry.yarnpkg.com/@hyper63/port-queue/-/port-queue-0.0.2.tgz#63449a7a48be6e0bc4ef6bbf15641cddf2dca8dd"
    integrity sha512-gzgBbB0lPA+U9Vg4H3CRzlZsj3AkMR1zaPu8PoGORbyqVDC9LMWGNyiDXJCTwt4RYS8SzzUPppVfqWNuvrFqHw==
    dependencies:
      typescript "^4.2.3"
      zod "^3.0.0-alpha.30"
  
  ramda@^0.27.1:
    version "0.27.1"
    resolved "https://registry.yarnpkg.com/ramda/-/ramda-0.27.1.tgz#66fc2df3ef873874ffc2da6aa8984658abacf5c9"
    integrity sha512-PgIdVpn5y5Yns8vqb8FzBUEYn98V3xcPgawAkkgj0YJ0qDsnHCiNmZYfOGMgOvoB0eWFLpYbhxUR3mxfDIMvpw==
  
  typescript@^4.2.3:
    version "4.2.3"
    resolved "https://registry.yarnpkg.com/typescript/-/typescript-4.2.3.tgz#39062d8019912d43726298f09493d598048c1ce3"
    integrity sha512-qOcYwxaByStAWrBf4x0fibwZvMRG+r4cQoTjbPtUlrWjBHbmCAww1i448U0GJ+3cNNEtebDteo/cHOR3xJ4wEw==
  
  zod@^3.0.0-alpha.30:
    version "3.0.0-alpha.30"
    resolved "https://registry.yarnpkg.com/zod/-/zod-3.0.0-alpha.30.tgz#1300055e77bb1e7e5979486815aabe9d3b1c7b80"
    integrity sha512-B2Pz+P0hZkdo9HzAT9oysa6CsA9/X3Bg0ZZzheTqb7X3aSI8jspcFxo5s9s319Sa00wm0XyY3GpTQZsUu5/Cmg==
